2021-08-18 15:48:17.004  INFO 2328 --- [restartedMain] c.c.a.JwtAuthenticationApplication       : Starting JwtAuthenticationApplication using Java 15.0.2 on LAPTOP-R50LO7KK with PID 2328 (C:\Users\gmsah\eclipse-workspace\MFPE\claimsmanagement\authorizationservice\target\classes started by gmsah in C:\Users\gmsah\eclipse-workspace\MFPE\claimsmanagement\authorizationservice)
2021-08-18 15:48:17.005  INFO 2328 --- [restartedMain] c.c.a.JwtAuthenticationApplication       : No active profile set, falling back to default profiles: default
2021-08-18 15:48:17.351  INFO 2328 --- [restartedMain] .s.d.r.c.RepositoryConfigurationDelegate : Bootstrapping Spring Data JPA repositories in DEFAULT mode.
2021-08-18 15:48:17.361  INFO 2328 --- [restartedMain] .s.d.r.c.RepositoryConfigurationDelegate : Finished Spring Data repository scanning in 9 ms. Found 1 JPA repository interfaces.
2021-08-18 15:48:17.415  INFO 2328 --- [restartedMain] trationDelegate$BeanPostProcessorChecker : Bean 'org.springframework.security.access.expression.method.DefaultMethodSecurityExpressionHandler@4eff3ae2' of type [org.springframework.security.access.expression.method.DefaultMethodSecurityExpressionHandler] is not eligible for getting processed by all BeanPostProcessors (for example: not eligible for auto-proxying)
2021-08-18 15:48:17.416  INFO 2328 --- [restartedMain] trationDelegate$BeanPostProcessorChecker : Bean 'methodSecurityMetadataSource' of type [org.springframework.security.access.method.DelegatingMethodSecurityMetadataSource] is not eligible for getting processed by all BeanPostProcessors (for example: not eligible for auto-proxying)
2021-08-18 15:48:17.464  INFO 2328 --- [restartedMain] o.s.b.w.embedded.tomcat.TomcatWebServer  : Tomcat initialized with port(s): 8089 (http)
2021-08-18 15:48:17.464  INFO 2328 --- [restartedMain] o.apache.catalina.core.StandardService   : Starting service [Tomcat]
2021-08-18 15:48:17.464  INFO 2328 --- [restartedMain] org.apache.catalina.core.StandardEngine  : Starting Servlet engine: [Apache Tomcat/9.0.43]
2021-08-18 15:48:17.484  INFO 2328 --- [restartedMain] o.a.c.c.C.[.[.[/authorization]           : Initializing Spring embedded WebApplicationContext
2021-08-18 15:48:17.484  INFO 2328 --- [restartedMain] w.s.c.ServletWebServerApplicationContext : Root WebApplicationContext: initialization completed in 477 ms
2021-08-18 15:48:17.519  INFO 2328 --- [restartedMain] com.zaxxer.hikari.HikariDataSource       : HikariPool-5 - Starting...
2021-08-18 15:48:17.521  INFO 2328 --- [restartedMain] com.zaxxer.hikari.HikariDataSource       : HikariPool-5 - Start completed.
2021-08-18 15:48:17.521  INFO 2328 --- [restartedMain] o.s.b.a.h2.H2ConsoleAutoConfiguration    : H2 console available at '/h2-console'. Database available at 'jdbc:h2:mem:auth'
2021-08-18 15:48:17.556  INFO 2328 --- [restartedMain] o.hibernate.jpa.internal.util.LogHelper  : HHH000204: Processing PersistenceUnitInfo [name: default]
2021-08-18 15:48:17.561  INFO 2328 --- [restartedMain] org.hibernate.dialect.Dialect            : HHH000400: Using dialect: org.hibernate.dialect.H2Dialect
2021-08-18 15:48:17.579  INFO 2328 --- [restartedMain] o.h.e.t.j.p.i.JtaPlatformInitiator       : HHH000490: Using JtaPlatform implementation: [org.hibernate.engine.transaction.jta.platform.internal.NoJtaPlatform]
2021-08-18 15:48:17.579  INFO 2328 --- [restartedMain] j.LocalContainerEntityManagerFactoryBean : Initialized JPA EntityManagerFactory for persistence unit 'default'
2021-08-18 15:48:17.657  INFO 2328 --- [restartedMain] o.s.b.d.a.OptionalLiveReloadServer       : LiveReload server is running on port 35729
2021-08-18 15:48:17.701  WARN 2328 --- [restartedMain] JpaBaseConfiguration$JpaWebConfiguration : spring.jpa.open-in-view is enabled by default. Therefore, database queries may be performed during view rendering. Explicitly configure spring.jpa.open-in-view to disable this warning
2021-08-18 15:48:17.831  INFO 2328 --- [restartedMain] o.s.b.a.e.web.EndpointLinksResolver      : Exposing 2 endpoint(s) beneath base path '/actuator'
2021-08-18 15:48:17.863  INFO 2328 --- [restartedMain] o.s.s.web.DefaultSecurityFilterChain     : Will secure Ant [pattern='/swagger-ui.html/**'] with []
2021-08-18 15:48:17.863  INFO 2328 --- [restartedMain] o.s.s.web.DefaultSecurityFilterChain     : Will secure Ant [pattern='/h2-console/**'] with []
2021-08-18 15:48:17.874  INFO 2328 --- [restartedMain] o.s.s.web.DefaultSecurityFilterChain     : Will secure any request with [org.springframework.security.web.context.request.async.WebAsyncManagerIntegrationFilter@494c30b3, org.springframework.security.web.context.SecurityContextPersistenceFilter@42d12272, org.springframework.security.web.header.HeaderWriterFilter@706619db, org.springframework.security.web.authentication.logout.LogoutFilter@3f527d7, com.cognizant.authorizationservice.filter.JwtRequestFilter@1fb28224, org.springframework.security.web.savedrequest.RequestCacheAwareFilter@5e21e3c8, org.springframework.security.web.servletapi.SecurityContextHolderAwareRequestFilter@1ec98116, org.springframework.security.web.authentication.AnonymousAuthenticationFilter@109ce1a0, org.springframework.security.web.session.SessionManagementFilter@359c6fe8, org.springframework.security.web.access.ExceptionTranslationFilter@58c298e9, org.springframework.security.web.access.intercept.FilterSecurityInterceptor@6d0bc242]
2021-08-18 15:48:17.897  INFO 2328 --- [restartedMain] o.s.s.concurrent.ThreadPoolTaskExecutor  : Initializing ExecutorService 'applicationTaskExecutor'
2021-08-18 15:48:18.233  INFO 2328 --- [restartedMain] o.s.b.w.embedded.tomcat.TomcatWebServer  : Tomcat started on port(s): 8089 (http) with context path '/authorization'
2021-08-18 15:48:18.268  INFO 2328 --- [restartedMain] c.c.a.JwtAuthenticationApplication       : Started JwtAuthenticationApplication in 1.301 seconds (JVM running for 151.905)
2021-08-18 15:48:18.272  INFO 2328 --- [restartedMain] .ConditionEvaluationDeltaLoggingListener : Condition evaluation delta:


==========================
CONDITION EVALUATION DELTA
==========================


Positive matches:
-----------------

   LogFileWebEndpointAutoConfiguration#logFileWebEndpoint matched:
      - Log File found logging.file.name auth.log (LogFileWebEndpointAutoConfiguration.LogFileCondition)
      - @ConditionalOnMissingBean (types: org.springframework.boot.actuate.logging.LogFileWebEndpoint; SearchStrategy: all) did not find any beans (OnBeanCondition)


Negative matches:
-----------------

    None


Exclusions:
-----------

    None


Unconditional classes:
----------------------

    None



2021-08-18 15:48:34.515  INFO 2328 --- [RMI TCP Connection(18)-127.0.0.1] inMXBeanRegistrar$SpringApplicationAdmin : Application shutdown requested.
2021-08-18 15:48:34.547  INFO 2328 --- [RMI TCP Connection(18)-127.0.0.1] o.s.s.concurrent.ThreadPoolTaskExecutor  : Shutting down ExecutorService 'applicationTaskExecutor'
2021-08-18 15:48:34.549  INFO 2328 --- [RMI TCP Connection(18)-127.0.0.1] j.LocalContainerEntityManagerFactoryBean : Closing JPA EntityManagerFactory for persistence unit 'default'
2021-08-18 15:48:34.549  INFO 2328 --- [RMI TCP Connection(18)-127.0.0.1] .SchemaDropperImpl$DelayedDropActionImpl : HHH000477: Starting delayed evictData of schema as part of SessionFactory shut-down'
2021-08-18 15:48:34.752  WARN 2328 --- [RMI TCP Connection(18)-127.0.0.1] o.s.b.f.support.DisposableBeanAdapter    : Invocation of destroy method failed on bean with name 'inMemoryDatabaseShutdownExecutor': org.h2.jdbc.JdbcSQLNonTransientConnectionException: Database is already closed (to disable automatic closing at VM shutdown, add ";DB_CLOSE_ON_EXIT=FALSE" to the db URL) [90121-200]
2021-08-18 15:48:34.752  INFO 2328 --- [RMI TCP Connection(18)-127.0.0.1] com.zaxxer.hikari.HikariDataSource       : HikariPool-5 - Shutdown initiated...
2021-08-18 15:48:34.805  INFO 2328 --- [RMI TCP Connection(18)-127.0.0.1] com.zaxxer.hikari.HikariDataSource       : HikariPool-5 - Shutdown completed.
2021-08-18 15:49:07.929  INFO 17376 --- [restartedMain] c.c.a.JwtAuthenticationApplication       : Starting JwtAuthenticationApplication using Java 15.0.2 on LAPTOP-R50LO7KK with PID 17376 (C:\Users\gmsah\eclipse-workspace\MFPE\claimsmanagement\authorizationservice\target\classes started by gmsah in C:\Users\gmsah\eclipse-workspace\MFPE\claimsmanagement\authorizationservice)
2021-08-18 15:49:07.932  INFO 17376 --- [restartedMain] c.c.a.JwtAuthenticationApplication       : No active profile set, falling back to default profiles: default
2021-08-18 15:49:07.976  INFO 17376 --- [restartedMain] .e.DevToolsPropertyDefaultsPostProcessor : Devtools property defaults active! Set 'spring.devtools.add-properties' to 'false' to disable
2021-08-18 15:49:07.977  INFO 17376 --- [restartedMain] .e.DevToolsPropertyDefaultsPostProcessor : For additional web related logging consider setting the 'logging.level.web' property to 'DEBUG'
2021-08-18 15:49:09.104  INFO 17376 --- [restartedMain] .s.d.r.c.RepositoryConfigurationDelegate : Bootstrapping Spring Data JPA repositories in DEFAULT mode.
2021-08-18 15:49:09.153  INFO 17376 --- [restartedMain] .s.d.r.c.RepositoryConfigurationDelegate : Finished Spring Data repository scanning in 41 ms. Found 1 JPA repository interfaces.
2021-08-18 15:49:09.453  INFO 17376 --- [restartedMain] trationDelegate$BeanPostProcessorChecker : Bean 'org.springframework.security.access.expression.method.DefaultMethodSecurityExpressionHandler@2ebf5597' of type [org.springframework.security.access.expression.method.DefaultMethodSecurityExpressionHandler] is not eligible for getting processed by all BeanPostProcessors (for example: not eligible for auto-proxying)
2021-08-18 15:49:09.459  INFO 17376 --- [restartedMain] trationDelegate$BeanPostProcessorChecker : Bean 'methodSecurityMetadataSource' of type [org.springframework.security.access.method.DelegatingMethodSecurityMetadataSource] is not eligible for getting processed by all BeanPostProcessors (for example: not eligible for auto-proxying)
2021-08-18 15:49:09.780  INFO 17376 --- [restartedMain] o.s.b.w.embedded.tomcat.TomcatWebServer  : Tomcat initialized with port(s): 8089 (http)
2021-08-18 15:49:09.789  INFO 17376 --- [restartedMain] o.apache.catalina.core.StandardService   : Starting service [Tomcat]
2021-08-18 15:49:09.789  INFO 17376 --- [restartedMain] org.apache.catalina.core.StandardEngine  : Starting Servlet engine: [Apache Tomcat/9.0.43]
2021-08-18 15:49:09.864  INFO 17376 --- [restartedMain] o.a.c.c.C.[.[.[/authorization]           : Initializing Spring embedded WebApplicationContext
2021-08-18 15:49:09.864  INFO 17376 --- [restartedMain] w.s.c.ServletWebServerApplicationContext : Root WebApplicationContext: initialization completed in 1887 ms
2021-08-18 15:49:09.975  INFO 17376 --- [restartedMain] com.zaxxer.hikari.HikariDataSource       : HikariPool-1 - Starting...
2021-08-18 15:49:10.136  INFO 17376 --- [restartedMain] com.zaxxer.hikari.HikariDataSource       : HikariPool-1 - Start completed.
2021-08-18 15:49:10.142  INFO 17376 --- [restartedMain] o.s.b.a.h2.H2ConsoleAutoConfiguration    : H2 console available at '/h2-console'. Database available at 'jdbc:h2:mem:auth'
2021-08-18 15:49:10.306  INFO 17376 --- [restartedMain] o.hibernate.jpa.internal.util.LogHelper  : HHH000204: Processing PersistenceUnitInfo [name: default]
2021-08-18 15:49:10.348  INFO 17376 --- [restartedMain] org.hibernate.Version                    : HHH000412: Hibernate ORM core version 5.4.28.Final
2021-08-18 15:49:10.471  INFO 17376 --- [restartedMain] o.hibernate.annotations.common.Version   : HCANN000001: Hibernate Commons Annotations {5.1.2.Final}
2021-08-18 15:49:10.566  INFO 17376 --- [restartedMain] org.hibernate.dialect.Dialect            : HHH000400: Using dialect: org.hibernate.dialect.H2Dialect
2021-08-18 15:49:11.044  INFO 17376 --- [restartedMain] o.h.e.t.j.p.i.JtaPlatformInitiator       : HHH000490: Using JtaPlatform implementation: [org.hibernate.engine.transaction.jta.platform.internal.NoJtaPlatform]
2021-08-18 15:49:11.052  INFO 17376 --- [restartedMain] j.LocalContainerEntityManagerFactoryBean : Initialized JPA EntityManagerFactory for persistence unit 'default'
2021-08-18 15:49:11.381  INFO 17376 --- [restartedMain] o.s.b.d.a.OptionalLiveReloadServer       : LiveReload server is running on port 35729
2021-08-18 15:49:11.495  WARN 17376 --- [restartedMain] JpaBaseConfiguration$JpaWebConfiguration : spring.jpa.open-in-view is enabled by default. Therefore, database queries may be performed during view rendering. Explicitly configure spring.jpa.open-in-view to disable this warning
2021-08-18 15:49:11.948  INFO 17376 --- [restartedMain] o.s.b.a.e.web.EndpointLinksResolver      : Exposing 2 endpoint(s) beneath base path '/actuator'
2021-08-18 15:49:12.047  INFO 17376 --- [restartedMain] o.s.s.web.DefaultSecurityFilterChain     : Will secure Ant [pattern='/swagger-ui.html/**'] with []
2021-08-18 15:49:12.048  INFO 17376 --- [restartedMain] o.s.s.web.DefaultSecurityFilterChain     : Will secure Ant [pattern='/h2-console/**'] with []
2021-08-18 15:49:12.077  INFO 17376 --- [restartedMain] o.s.s.web.DefaultSecurityFilterChain     : Will secure any request with [org.springframework.security.web.context.request.async.WebAsyncManagerIntegrationFilter@43e11ea9, org.springframework.security.web.context.SecurityContextPersistenceFilter@34b8d830, org.springframework.security.web.header.HeaderWriterFilter@45d2e391, org.springframework.security.web.authentication.logout.LogoutFilter@2d095d17, com.cognizant.authorizationservice.filter.JwtRequestFilter@719f1e7e, org.springframework.security.web.savedrequest.RequestCacheAwareFilter@6ed2ae37, org.springframework.security.web.servletapi.SecurityContextHolderAwareRequestFilter@bd5050b, org.springframework.security.web.authentication.AnonymousAuthenticationFilter@2ce18718, org.springframework.security.web.session.SessionManagementFilter@2e33abe2, org.springframework.security.web.access.ExceptionTranslationFilter@22573734, org.springframework.security.web.access.intercept.FilterSecurityInterceptor@38dae6b3]
2021-08-18 15:49:12.147  INFO 17376 --- [restartedMain] o.s.s.concurrent.ThreadPoolTaskExecutor  : Initializing ExecutorService 'applicationTaskExecutor'
2021-08-18 15:49:12.762  INFO 17376 --- [restartedMain] o.s.b.w.embedded.tomcat.TomcatWebServer  : Tomcat started on port(s): 8089 (http) with context path '/authorization'
2021-08-18 15:49:12.925  INFO 17376 --- [restartedMain] c.c.a.JwtAuthenticationApplication       : Started JwtAuthenticationApplication in 5.329 seconds (JVM running for 6.084)
2021-08-18 15:49:14.802  INFO 17376 --- [RMI TCP Connection(4)-127.0.0.1] o.a.c.c.C.[.[.[/authorization]           : Initializing Spring DispatcherServlet 'dispatcherServlet'
2021-08-18 15:49:14.802  INFO 17376 --- [RMI TCP Connection(4)-127.0.0.1] o.s.web.servlet.DispatcherServlet        : Initializing Servlet 'dispatcherServlet'
2021-08-18 15:49:14.804  INFO 17376 --- [RMI TCP Connection(4)-127.0.0.1] o.s.web.servlet.DispatcherServlet        : Completed initialization in 2 ms
2021-08-18 15:49:47.064  INFO 17376 --- [http-nio-8089-exec-1] c.c.a.c.AuthenticationController         : Creating token
2021-08-18 16:04:29.539  INFO 17376 --- [RMI TCP Connection(25)-127.0.0.1] inMXBeanRegistrar$SpringApplicationAdmin : Application shutdown requested.
2021-08-18 16:04:29.577  INFO 17376 --- [RMI TCP Connection(25)-127.0.0.1] o.s.s.concurrent.ThreadPoolTaskExecutor  : Shutting down ExecutorService 'applicationTaskExecutor'
2021-08-18 16:04:29.584  INFO 17376 --- [RMI TCP Connection(25)-127.0.0.1] j.LocalContainerEntityManagerFactoryBean : Closing JPA EntityManagerFactory for persistence unit 'default'
2021-08-18 16:04:29.585  INFO 17376 --- [RMI TCP Connection(25)-127.0.0.1] .SchemaDropperImpl$DelayedDropActionImpl : HHH000477: Starting delayed evictData of schema as part of SessionFactory shut-down'
2021-08-18 16:04:29.822  WARN 17376 --- [RMI TCP Connection(25)-127.0.0.1] o.s.b.f.support.DisposableBeanAdapter    : Invocation of destroy method failed on bean with name 'inMemoryDatabaseShutdownExecutor': org.h2.jdbc.JdbcSQLNonTransientConnectionException: Database is already closed (to disable automatic closing at VM shutdown, add ";DB_CLOSE_ON_EXIT=FALSE" to the db URL) [90121-200]
2021-08-18 16:04:29.823  INFO 17376 --- [RMI TCP Connection(25)-127.0.0.1] com.zaxxer.hikari.HikariDataSource       : HikariPool-1 - Shutdown initiated...
2021-08-18 16:04:29.825  INFO 17376 --- [RMI TCP Connection(25)-127.0.0.1] com.zaxxer.hikari.HikariDataSource       : HikariPool-1 - Shutdown completed.
2021-08-18 17:23:29.871  INFO 16396 --- [main] c.c.a.c.AuthenticationControllerTest     : Starting AuthenticationControllerTest using Java 15.0.2 on LAPTOP-R50LO7KK with PID 16396 (started by gmsah in C:\Users\gmsah\eclipse-workspace\MFPE\claimsmanagement\authorizationservice)
2021-08-18 17:23:29.877  INFO 16396 --- [main] c.c.a.c.AuthenticationControllerTest     : No active profile set, falling back to default profiles: default
2021-08-18 17:23:33.089  INFO 16396 --- [main] .s.d.r.c.RepositoryConfigurationDelegate : Bootstrapping Spring Data JPA repositories in DEFAULT mode.
2021-08-18 17:23:33.261  INFO 16396 --- [main] .s.d.r.c.RepositoryConfigurationDelegate : Finished Spring Data repository scanning in 147 ms. Found 1 JPA repository interfaces.
2021-08-18 17:23:34.321  INFO 16396 --- [main] trationDelegate$BeanPostProcessorChecker : Bean 'org.springframework.security.access.expression.method.DefaultMethodSecurityExpressionHandler@1e120628' of type [org.springframework.security.access.expression.method.DefaultMethodSecurityExpressionHandler] is not eligible for getting processed by all BeanPostProcessors (for example: not eligible for auto-proxying)
2021-08-18 17:23:34.350  INFO 16396 --- [main] trationDelegate$BeanPostProcessorChecker : Bean 'methodSecurityMetadataSource' of type [org.springframework.security.access.method.DelegatingMethodSecurityMetadataSource] is not eligible for getting processed by all BeanPostProcessors (for example: not eligible for auto-proxying)
2021-08-18 17:23:35.046  INFO 16396 --- [main] com.zaxxer.hikari.HikariDataSource       : HikariPool-1 - Starting...
2021-08-18 17:23:35.524  INFO 16396 --- [main] com.zaxxer.hikari.HikariDataSource       : HikariPool-1 - Start completed.
2021-08-18 17:23:35.711  INFO 16396 --- [main] o.hibernate.jpa.internal.util.LogHelper  : HHH000204: Processing PersistenceUnitInfo [name: default]
2021-08-18 17:23:35.886  INFO 16396 --- [main] org.hibernate.Version                    : HHH000412: Hibernate ORM core version 5.4.28.Final
2021-08-18 17:23:36.369  INFO 16396 --- [main] o.hibernate.annotations.common.Version   : HCANN000001: Hibernate Commons Annotations {5.1.2.Final}
2021-08-18 17:23:36.825  INFO 16396 --- [main] org.hibernate.dialect.Dialect            : HHH000400: Using dialect: org.hibernate.dialect.H2Dialect
2021-08-18 17:23:38.112  INFO 16396 --- [main] o.h.e.t.j.p.i.JtaPlatformInitiator       : HHH000490: Using JtaPlatform implementation: [org.hibernate.engine.transaction.jta.platform.internal.NoJtaPlatform]
2021-08-18 17:23:38.125  INFO 16396 --- [main] j.LocalContainerEntityManagerFactoryBean : Initialized JPA EntityManagerFactory for persistence unit 'default'
2021-08-18 17:23:38.695  WARN 16396 --- [main] JpaBaseConfiguration$JpaWebConfiguration : spring.jpa.open-in-view is enabled by default. Therefore, database queries may be performed during view rendering. Explicitly configure spring.jpa.open-in-view to disable this warning
2021-08-18 17:23:41.148  INFO 16396 --- [main] o.s.b.a.h2.H2ConsoleAutoConfiguration    : H2 console available at '/h2-console'. Database available at 'jdbc:h2:mem:auth'
2021-08-18 17:23:41.876  INFO 16396 --- [main] o.s.b.a.e.web.EndpointLinksResolver      : Exposing 2 endpoint(s) beneath base path '/actuator'
2021-08-18 17:23:42.331  INFO 16396 --- [main] o.s.s.web.DefaultSecurityFilterChain     : Will secure Ant [pattern='/swagger-ui.html/**'] with []
2021-08-18 17:23:42.332  INFO 16396 --- [main] o.s.s.web.DefaultSecurityFilterChain     : Will secure Ant [pattern='/h2-console/**'] with []
2021-08-18 17:23:42.519  INFO 16396 --- [main] o.s.s.web.DefaultSecurityFilterChain     : Will secure any request with [org.springframework.security.web.context.request.async.WebAsyncManagerIntegrationFilter@3284f91f, org.springframework.security.web.context.SecurityContextPersistenceFilter@40a2fdd2, org.springframework.security.web.header.HeaderWriterFilter@18d8da77, org.springframework.security.web.authentication.logout.LogoutFilter@9e2b199, com.cognizant.authorizationservice.filter.JwtRequestFilter@4cc28ad0, org.springframework.security.web.savedrequest.RequestCacheAwareFilter@335cbcbd, org.springframework.security.web.servletapi.SecurityContextHolderAwareRequestFilter@5fc76532, org.springframework.security.web.authentication.AnonymousAuthenticationFilter@125bc00d, org.springframework.security.web.session.SessionManagementFilter@264c9994, org.springframework.security.web.access.ExceptionTranslationFilter@215efb16, org.springframework.security.web.access.intercept.FilterSecurityInterceptor@1d5ec2ed]
2021-08-18 17:23:43.236  INFO 16396 --- [main] o.s.s.concurrent.ThreadPoolTaskExecutor  : Initializing ExecutorService 'applicationTaskExecutor'
2021-08-18 17:23:46.348  INFO 16396 --- [main] c.c.a.c.AuthenticationControllerTest     : Started AuthenticationControllerTest in 17.205 seconds (JVM running for 20.179)
2021-08-18 17:23:47.308  INFO 16396 --- [main] c.c.a.c.AuthenticationController         : Creating token
2021-08-18 17:23:47.371  INFO 16396 --- [main] c.c.a.c.AuthenticationController         : Creating token
2021-08-18 17:23:47.387  INFO 16396 --- [main] c.c.a.c.AuthenticationController         : Creating token
2021-08-18 17:23:47.404  INFO 16396 --- [main] c.c.a.c.AuthenticationController         : Creating token
2021-08-18 17:23:47.423  INFO 16396 --- [main] .b.t.c.SpringBootTestContextBootstrapper : Neither @ContextConfiguration nor @ContextHierarchy found for test class [com.cognizant.authorizationService.exception.BadCredentialExceptionTest], using SpringBootContextLoader
2021-08-18 17:23:47.426  INFO 16396 --- [main] o.s.t.c.support.AbstractContextLoader    : Could not detect default resource locations for test class [com.cognizant.authorizationService.exception.BadCredentialExceptionTest]: no resource found for suffixes {-context.xml, Context.groovy}.
2021-08-18 17:23:47.427  INFO 16396 --- [main] t.c.s.AnnotationConfigContextLoaderUtils : Could not detect default configuration classes for test class [com.cognizant.authorizationService.exception.BadCredentialExceptionTest]: BadCredentialExceptionTest does not declare any static, non-private, non-final, nested classes annotated with @Configuration.
2021-08-18 17:23:47.450  INFO 16396 --- [main] .b.t.c.SpringBootTestContextBootstrapper : Found @SpringBootConfiguration com.cognizant.authorizationservice.JwtAuthenticationApplication for test class com.cognizant.authorizationService.exception.BadCredentialExceptionTest
2021-08-18 17:23:47.454  INFO 16396 --- [main] .b.t.c.SpringBootTestContextBootstrapper : Loaded default TestExecutionListener class names from location [META-INF/spring.factories]: [org.springframework.boot.test.mock.mockito.MockitoTestExecutionListener, org.springframework.boot.test.mock.mockito.ResetMocksTestExecutionListener, org.springframework.boot.test.autoconfigure.restdocs.RestDocsTestExecutionListener, org.springframework.boot.test.autoconfigure.web.client.MockRestServiceServerResetTestExecutionListener, org.springframework.boot.test.autoconfigure.web.servlet.MockMvcPrintOnlyOnFailureTestExecutionListener, org.springframework.boot.test.autoconfigure.web.servlet.WebDriverTestExecutionListener, org.springframework.boot.test.autoconfigure.webservices.client.MockWebServiceServerTestExecutionListener, org.springframework.test.context.web.ServletTestExecutionListener, org.springframework.test.context.support.DirtiesContextBeforeModesTestExecutionListener, org.springframework.test.context.event.ApplicationEventsTestExecutionListener, org.springframework.test.context.support.DependencyInjectionTestExecutionListener, org.springframework.test.context.support.DirtiesContextTestExecutionListener, org.springframework.test.context.transaction.TransactionalTestExecutionListener, org.springframework.test.context.jdbc.SqlScriptsTestExecutionListener, org.springframework.test.context.event.EventPublishingTestExecutionListener, org.springframework.security.test.context.support.WithSecurityContextTestExecutionListener, org.springframework.security.test.context.support.ReactorContextTestExecutionListener]
2021-08-18 17:23:47.457  INFO 16396 --- [main] .b.t.c.SpringBootTestContextBootstrapper : Using TestExecutionListeners: [org.springframework.test.context.web.ServletTestExecutionListener@5c452eb5, org.springframework.test.context.support.DirtiesContextBeforeModesTestExecutionListener@4833bb83, org.springframework.test.context.event.ApplicationEventsTestExecutionListener@1a2bcce1, org.springframework.boot.test.mock.mockito.MockitoTestExecutionListener@d4594a8, org.springframework.boot.test.autoconfigure.SpringBootDependencyInjectionTestExecutionListener@78002333, org.springframework.test.context.support.DirtiesContextTestExecutionListener@2dba6013, org.springframework.test.context.transaction.TransactionalTestExecutionListener@69b2ed81, org.springframework.test.context.jdbc.SqlScriptsTestExecutionListener@4873d4cb, org.springframework.test.context.event.EventPublishingTestExecutionListener@31137f4d, org.springframework.security.test.context.support.WithSecurityContextTestExecutionListener@4f573b84, org.springframework.security.test.context.support.ReactorContextTestExecutionListener@3177190a, org.springframework.boot.test.mock.mockito.ResetMocksTestExecutionListener@67744663, org.springframework.boot.test.autoconfigure.restdocs.RestDocsTestExecutionListener@4d37a4d7, org.springframework.boot.test.autoconfigure.web.client.MockRestServiceServerResetTestExecutionListener@3bca3dee, org.springframework.boot.test.autoconfigure.web.servlet.MockMvcPrintOnlyOnFailureTestExecutionListener@32fcccd4, org.springframework.boot.test.autoconfigure.web.servlet.WebDriverTestExecutionListener@77fec3b6, org.springframework.boot.test.autoconfigure.webservices.client.MockWebServiceServerTestExecutionListener@71fd082]
2021-08-18 17:23:47.600  INFO 16396 --- [main] .b.t.c.SpringBootTestContextBootstrapper : Neither @ContextConfiguration nor @ContextHierarchy found for test class [com.cognizant.authorizationService.JwtAuthenticationApplicationTests], using SpringBootContextLoader
2021-08-18 17:23:47.604  INFO 16396 --- [main] o.s.t.c.support.AbstractContextLoader    : Could not detect default resource locations for test class [com.cognizant.authorizationService.JwtAuthenticationApplicationTests]: no resource found for suffixes {-context.xml, Context.groovy}.
2021-08-18 17:23:47.605  INFO 16396 --- [main] t.c.s.AnnotationConfigContextLoaderUtils : Could not detect default configuration classes for test class [com.cognizant.authorizationService.JwtAuthenticationApplicationTests]: JwtAuthenticationApplicationTests does not declare any static, non-private, non-final, nested classes annotated with @Configuration.
2021-08-18 17:23:47.615  INFO 16396 --- [main] .b.t.c.SpringBootTestContextBootstrapper : Found @SpringBootConfiguration com.cognizant.authorizationservice.JwtAuthenticationApplication for test class com.cognizant.authorizationService.JwtAuthenticationApplicationTests
2021-08-18 17:23:47.623  INFO 16396 --- [main] .b.t.c.SpringBootTestContextBootstrapper : Loaded default TestExecutionListener class names from location [META-INF/spring.factories]: [org.springframework.boot.test.mock.mockito.MockitoTestExecutionListener, org.springframework.boot.test.mock.mockito.ResetMocksTestExecutionListener, org.springframework.boot.test.autoconfigure.restdocs.RestDocsTestExecutionListener, org.springframework.boot.test.autoconfigure.web.client.MockRestServiceServerResetTestExecutionListener, org.springframework.boot.test.autoconfigure.web.servlet.MockMvcPrintOnlyOnFailureTestExecutionListener, org.springframework.boot.test.autoconfigure.web.servlet.WebDriverTestExecutionListener, org.springframework.boot.test.autoconfigure.webservices.client.MockWebServiceServerTestExecutionListener, org.springframework.test.context.web.ServletTestExecutionListener, org.springframework.test.context.support.DirtiesContextBeforeModesTestExecutionListener, org.springframework.test.context.event.ApplicationEventsTestExecutionListener, org.springframework.test.context.support.DependencyInjectionTestExecutionListener, org.springframework.test.context.support.DirtiesContextTestExecutionListener, org.springframework.test.context.transaction.TransactionalTestExecutionListener, org.springframework.test.context.jdbc.SqlScriptsTestExecutionListener, org.springframework.test.context.event.EventPublishingTestExecutionListener, org.springframework.security.test.context.support.WithSecurityContextTestExecutionListener, org.springframework.security.test.context.support.ReactorContextTestExecutionListener]
2021-08-18 17:23:47.634  INFO 16396 --- [main] .b.t.c.SpringBootTestContextBootstrapper : Using TestExecutionListeners: [org.springframework.test.context.web.ServletTestExecutionListener@56a3da69, org.springframework.test.context.support.DirtiesContextBeforeModesTestExecutionListener@4746b5d, org.springframework.test.context.event.ApplicationEventsTestExecutionListener@611c1f92, org.springframework.boot.test.mock.mockito.MockitoTestExecutionListener@3656a6cd, org.springframework.boot.test.autoconfigure.SpringBootDependencyInjectionTestExecutionListener@7eee42fc, org.springframework.test.context.support.DirtiesContextTestExecutionListener@5967f0ff, org.springframework.test.context.transaction.TransactionalTestExecutionListener@580694ce, org.springframework.test.context.jdbc.SqlScriptsTestExecutionListener@5be521cd, org.springframework.test.context.event.EventPublishingTestExecutionListener@579071ef, org.springframework.security.test.context.support.WithSecurityContextTestExecutionListener@311683ea, org.springframework.security.test.context.support.ReactorContextTestExecutionListener@5d5ad1e2, org.springframework.boot.test.mock.mockito.ResetMocksTestExecutionListener@2fc378cd, org.springframework.boot.test.autoconfigure.restdocs.RestDocsTestExecutionListener@7b886bd3, org.springframework.boot.test.autoconfigure.web.client.MockRestServiceServerResetTestExecutionListener@7e84be9b, org.springframework.boot.test.autoconfigure.web.servlet.MockMvcPrintOnlyOnFailureTestExecutionListener@75daa568, org.springframework.boot.test.autoconfigure.web.servlet.WebDriverTestExecutionListener@41ebae0e, org.springframework.boot.test.autoconfigure.webservices.client.MockWebServiceServerTestExecutionListener@79059313]
2021-08-18 17:23:47.660  INFO 16396 --- [main] .b.t.c.SpringBootTestContextBootstrapper : Neither @ContextConfiguration nor @ContextHierarchy found for test class [com.cognizant.authorizationService.model.AuthenticationRequestTest], using SpringBootContextLoader
2021-08-18 17:23:47.663  INFO 16396 --- [main] o.s.t.c.support.AbstractContextLoader    : Could not detect default resource locations for test class [com.cognizant.authorizationService.model.AuthenticationRequestTest]: no resource found for suffixes {-context.xml, Context.groovy}.
2021-08-18 17:23:47.665  INFO 16396 --- [main] t.c.s.AnnotationConfigContextLoaderUtils : Could not detect default configuration classes for test class [com.cognizant.authorizationService.model.AuthenticationRequestTest]: AuthenticationRequestTest does not declare any static, non-private, non-final, nested classes annotated with @Configuration.
2021-08-18 17:23:47.695  INFO 16396 --- [main] .b.t.c.SpringBootTestContextBootstrapper : Found @SpringBootConfiguration com.cognizant.authorizationservice.JwtAuthenticationApplication for test class com.cognizant.authorizationService.model.AuthenticationRequestTest
2021-08-18 17:23:47.703  INFO 16396 --- [main] .b.t.c.SpringBootTestContextBootstrapper : Loaded default TestExecutionListener class names from location [META-INF/spring.factories]: [org.springframework.boot.test.mock.mockito.MockitoTestExecutionListener, org.springframework.boot.test.mock.mockito.ResetMocksTestExecutionListener, org.springframework.boot.test.autoconfigure.restdocs.RestDocsTestExecutionListener, org.springframework.boot.test.autoconfigure.web.client.MockRestServiceServerResetTestExecutionListener, org.springframework.boot.test.autoconfigure.web.servlet.MockMvcPrintOnlyOnFailureTestExecutionListener, org.springframework.boot.test.autoconfigure.web.servlet.WebDriverTestExecutionListener, org.springframework.boot.test.autoconfigure.webservices.client.MockWebServiceServerTestExecutionListener, org.springframework.test.context.web.ServletTestExecutionListener, org.springframework.test.context.support.DirtiesContextBeforeModesTestExecutionListener, org.springframework.test.context.event.ApplicationEventsTestExecutionListener, org.springframework.test.context.support.DependencyInjectionTestExecutionListener, org.springframework.test.context.support.DirtiesContextTestExecutionListener, org.springframework.test.context.transaction.TransactionalTestExecutionListener, org.springframework.test.context.jdbc.SqlScriptsTestExecutionListener, org.springframework.test.context.event.EventPublishingTestExecutionListener, org.springframework.security.test.context.support.WithSecurityContextTestExecutionListener, org.springframework.security.test.context.support.ReactorContextTestExecutionListener]
2021-08-18 17:23:47.705  INFO 16396 --- [main] .b.t.c.SpringBootTestContextBootstrapper : Using TestExecutionListeners: [org.springframework.test.context.web.ServletTestExecutionListener@4bb05a4e, org.springframework.test.context.support.DirtiesContextBeforeModesTestExecutionListener@1d9e511c, org.springframework.test.context.event.ApplicationEventsTestExecutionListener@63cfd703, org.springframework.boot.test.mock.mockito.MockitoTestExecutionListener@3b93d874, org.springframework.boot.test.autoconfigure.SpringBootDependencyInjectionTestExecutionListener@72b88762, org.springframework.test.context.support.DirtiesContextTestExecutionListener@1d413e98, org.springframework.test.context.transaction.TransactionalTestExecutionListener@2b85fc, org.springframework.test.context.jdbc.SqlScriptsTestExecutionListener@255eadf5, org.springframework.test.context.event.EventPublishingTestExecutionListener@13ebbdab, org.springframework.security.test.context.support.WithSecurityContextTestExecutionListener@74af4b0, org.springframework.security.test.context.support.ReactorContextTestExecutionListener@5b1295c0, org.springframework.boot.test.mock.mockito.ResetMocksTestExecutionListener@bf3aa52, org.springframework.boot.test.autoconfigure.restdocs.RestDocsTestExecutionListener@45bb5862, org.springframework.boot.test.autoconfigure.web.client.MockRestServiceServerResetTestExecutionListener@1504db11, org.springframework.boot.test.autoconfigure.web.servlet.MockMvcPrintOnlyOnFailureTestExecutionListener@5a77e0e4, org.springframework.boot.test.autoconfigure.web.servlet.WebDriverTestExecutionListener@4cc070c2, org.springframework.boot.test.autoconfigure.webservices.client.MockWebServiceServerTestExecutionListener@53a74970]
2021-08-18 17:23:47.815  INFO 16396 --- [main] .b.t.c.SpringBootTestContextBootstrapper : Neither @ContextConfiguration nor @ContextHierarchy found for test class [com.cognizant.authorizationService.model.AuthenticationResponseTest], using SpringBootContextLoader
2021-08-18 17:23:47.817  INFO 16396 --- [main] o.s.t.c.support.AbstractContextLoader    : Could not detect default resource locations for test class [com.cognizant.authorizationService.model.AuthenticationResponseTest]: no resource found for suffixes {-context.xml, Context.groovy}.
2021-08-18 17:23:47.817  INFO 16396 --- [main] t.c.s.AnnotationConfigContextLoaderUtils : Could not detect default configuration classes for test class [com.cognizant.authorizationService.model.AuthenticationResponseTest]: AuthenticationResponseTest does not declare any static, non-private, non-final, nested classes annotated with @Configuration.
2021-08-18 17:23:47.821  INFO 16396 --- [main] .b.t.c.SpringBootTestContextBootstrapper : Found @SpringBootConfiguration com.cognizant.authorizationservice.JwtAuthenticationApplication for test class com.cognizant.authorizationService.model.AuthenticationResponseTest
2021-08-18 17:23:47.824  INFO 16396 --- [main] .b.t.c.SpringBootTestContextBootstrapper : Loaded default TestExecutionListener class names from location [META-INF/spring.factories]: [org.springframework.boot.test.mock.mockito.MockitoTestExecutionListener, org.springframework.boot.test.mock.mockito.ResetMocksTestExecutionListener, org.springframework.boot.test.autoconfigure.restdocs.RestDocsTestExecutionListener, org.springframework.boot.test.autoconfigure.web.client.MockRestServiceServerResetTestExecutionListener, org.springframework.boot.test.autoconfigure.web.servlet.MockMvcPrintOnlyOnFailureTestExecutionListener, org.springframework.boot.test.autoconfigure.web.servlet.WebDriverTestExecutionListener, org.springframework.boot.test.autoconfigure.webservices.client.MockWebServiceServerTestExecutionListener, org.springframework.test.context.web.ServletTestExecutionListener, org.springframework.test.context.support.DirtiesContextBeforeModesTestExecutionListener, org.springframework.test.context.event.ApplicationEventsTestExecutionListener, org.springframework.test.context.support.DependencyInjectionTestExecutionListener, org.springframework.test.context.support.DirtiesContextTestExecutionListener, org.springframework.test.context.transaction.TransactionalTestExecutionListener, org.springframework.test.context.jdbc.SqlScriptsTestExecutionListener, org.springframework.test.context.event.EventPublishingTestExecutionListener, org.springframework.security.test.context.support.WithSecurityContextTestExecutionListener, org.springframework.security.test.context.support.ReactorContextTestExecutionListener]
2021-08-18 17:23:47.826  INFO 16396 --- [main] .b.t.c.SpringBootTestContextBootstrapper : Using TestExecutionListeners: [org.springframework.test.context.web.ServletTestExecutionListener@bb78f01, org.springframework.test.context.support.DirtiesContextBeforeModesTestExecutionListener@1caf77f6, org.springframework.test.context.event.ApplicationEventsTestExecutionListener@246f9fa8, org.springframework.boot.test.mock.mockito.MockitoTestExecutionListener@4d001a14, org.springframework.boot.test.autoconfigure.SpringBootDependencyInjectionTestExecutionListener@7af85b32, org.springframework.test.context.support.DirtiesContextTestExecutionListener@1d8f835c, org.springframework.test.context.transaction.TransactionalTestExecutionListener@45c5cd9a, org.springframework.test.context.jdbc.SqlScriptsTestExecutionListener@858bf8c, org.springframework.test.context.event.EventPublishingTestExecutionListener@30c1447e, org.springframework.security.test.context.support.WithSecurityContextTestExecutionListener@5135b459, org.springframework.security.test.context.support.ReactorContextTestExecutionListener@3a770af8, org.springframework.boot.test.mock.mockito.ResetMocksTestExecutionListener@779e66e5, org.springframework.boot.test.autoconfigure.restdocs.RestDocsTestExecutionListener@4d462edc, org.springframework.boot.test.autoconfigure.web.client.MockRestServiceServerResetTestExecutionListener@312ddc51, org.springframework.boot.test.autoconfigure.web.servlet.MockMvcPrintOnlyOnFailureTestExecutionListener@330f3046, org.springframework.boot.test.autoconfigure.web.servlet.WebDriverTestExecutionListener@37a2d18c, org.springframework.boot.test.autoconfigure.webservices.client.MockWebServiceServerTestExecutionListener@4b6e296a]
2021-08-18 17:23:47.911  INFO 16396 --- [main] .b.t.c.SpringBootTestContextBootstrapper : Neither @ContextConfiguration nor @ContextHierarchy found for test class [com.cognizant.authorizationService.model.MyUserTest], using SpringBootContextLoader
2021-08-18 17:23:47.914  INFO 16396 --- [main] o.s.t.c.support.AbstractContextLoader    : Could not detect default resource locations for test class [com.cognizant.authorizationService.model.MyUserTest]: no resource found for suffixes {-context.xml, Context.groovy}.
2021-08-18 17:23:47.914  INFO 16396 --- [main] t.c.s.AnnotationConfigContextLoaderUtils : Could not detect default configuration classes for test class [com.cognizant.authorizationService.model.MyUserTest]: MyUserTest does not declare any static, non-private, non-final, nested classes annotated with @Configuration.
2021-08-18 17:23:47.919  INFO 16396 --- [main] .b.t.c.SpringBootTestContextBootstrapper : Found @SpringBootConfiguration com.cognizant.authorizationservice.JwtAuthenticationApplication for test class com.cognizant.authorizationService.model.MyUserTest
2021-08-18 17:23:47.925  INFO 16396 --- [main] .b.t.c.SpringBootTestContextBootstrapper : Loaded default TestExecutionListener class names from location [META-INF/spring.factories]: [org.springframework.boot.test.mock.mockito.MockitoTestExecutionListener, org.springframework.boot.test.mock.mockito.ResetMocksTestExecutionListener, org.springframework.boot.test.autoconfigure.restdocs.RestDocsTestExecutionListener, org.springframework.boot.test.autoconfigure.web.client.MockRestServiceServerResetTestExecutionListener, org.springframework.boot.test.autoconfigure.web.servlet.MockMvcPrintOnlyOnFailureTestExecutionListener, org.springframework.boot.test.autoconfigure.web.servlet.WebDriverTestExecutionListener, org.springframework.boot.test.autoconfigure.webservices.client.MockWebServiceServerTestExecutionListener, org.springframework.test.context.web.ServletTestExecutionListener, org.springframework.test.context.support.DirtiesContextBeforeModesTestExecutionListener, org.springframework.test.context.event.ApplicationEventsTestExecutionListener, org.springframework.test.context.support.DependencyInjectionTestExecutionListener, org.springframework.test.context.support.DirtiesContextTestExecutionListener, org.springframework.test.context.transaction.TransactionalTestExecutionListener, org.springframework.test.context.jdbc.SqlScriptsTestExecutionListener, org.springframework.test.context.event.EventPublishingTestExecutionListener, org.springframework.security.test.context.support.WithSecurityContextTestExecutionListener, org.springframework.security.test.context.support.ReactorContextTestExecutionListener]
2021-08-18 17:23:47.929  INFO 16396 --- [main] .b.t.c.SpringBootTestContextBootstrapper : Using TestExecutionListeners: [org.springframework.test.context.web.ServletTestExecutionListener@6212dc7d, org.springframework.test.context.support.DirtiesContextBeforeModesTestExecutionListener@64bcf689, org.springframework.test.context.event.ApplicationEventsTestExecutionListener@2bf3ec4a, org.springframework.boot.test.mock.mockito.MockitoTestExecutionListener@3594b4b4, org.springframework.boot.test.autoconfigure.SpringBootDependencyInjectionTestExecutionListener@4191774f, org.springframework.test.context.support.DirtiesContextTestExecutionListener@429ad94a, org.springframework.test.context.transaction.TransactionalTestExecutionListener@76bfecef, org.springframework.test.context.jdbc.SqlScriptsTestExecutionListener@661ec798, org.springframework.test.context.event.EventPublishingTestExecutionListener@2c7fff1b, org.springframework.security.test.context.support.WithSecurityContextTestExecutionListener@383b3357, org.springframework.security.test.context.support.ReactorContextTestExecutionListener@316a682b, org.springframework.boot.test.mock.mockito.ResetMocksTestExecutionListener@21584b99, org.springframework.boot.test.autoconfigure.restdocs.RestDocsTestExecutionListener@728cef8e, org.springframework.boot.test.autoconfigure.web.client.MockRestServiceServerResetTestExecutionListener@134ccb03, org.springframework.boot.test.autoconfigure.web.servlet.MockMvcPrintOnlyOnFailureTestExecutionListener@7105d271, org.springframework.boot.test.autoconfigure.web.servlet.WebDriverTestExecutionListener@12e25b4b, org.springframework.boot.test.autoconfigure.webservices.client.MockWebServiceServerTestExecutionListener@7072606]
2021-08-18 17:23:48.068  INFO 16396 --- [main] .b.t.c.SpringBootTestContextBootstrapper : Neither @ContextConfiguration nor @ContextHierarchy found for test class [com.cognizant.authorizationService.service.JwtUtilServiceTest], using SpringBootContextLoader
2021-08-18 17:23:48.071  INFO 16396 --- [main] o.s.t.c.support.AbstractContextLoader    : Could not detect default resource locations for test class [com.cognizant.authorizationService.service.JwtUtilServiceTest]: no resource found for suffixes {-context.xml, Context.groovy}.
2021-08-18 17:23:48.080  INFO 16396 --- [main] .b.t.c.SpringBootTestContextBootstrapper : Loaded default TestExecutionListener class names from location [META-INF/spring.factories]: [org.springframework.boot.test.mock.mockito.MockitoTestExecutionListener, org.springframework.boot.test.mock.mockito.ResetMocksTestExecutionListener, org.springframework.boot.test.autoconfigure.restdocs.RestDocsTestExecutionListener, org.springframework.boot.test.autoconfigure.web.client.MockRestServiceServerResetTestExecutionListener, org.springframework.boot.test.autoconfigure.web.servlet.MockMvcPrintOnlyOnFailureTestExecutionListener, org.springframework.boot.test.autoconfigure.web.servlet.WebDriverTestExecutionListener, org.springframework.boot.test.autoconfigure.webservices.client.MockWebServiceServerTestExecutionListener, org.springframework.test.context.web.ServletTestExecutionListener, org.springframework.test.context.support.DirtiesContextBeforeModesTestExecutionListener, org.springframework.test.context.event.ApplicationEventsTestExecutionListener, org.springframework.test.context.support.DependencyInjectionTestExecutionListener, org.springframework.test.context.support.DirtiesContextTestExecutionListener, org.springframework.test.context.transaction.TransactionalTestExecutionListener, org.springframework.test.context.jdbc.SqlScriptsTestExecutionListener, org.springframework.test.context.event.EventPublishingTestExecutionListener, org.springframework.security.test.context.support.WithSecurityContextTestExecutionListener, org.springframework.security.test.context.support.ReactorContextTestExecutionListener]
2021-08-18 17:23:48.084  INFO 16396 --- [main] .b.t.c.SpringBootTestContextBootstrapper : Using TestExecutionListeners: [org.springframework.test.context.web.ServletTestExecutionListener@31cae1e4, org.springframework.test.context.support.DirtiesContextBeforeModesTestExecutionListener@5280e62e, org.springframework.test.context.event.ApplicationEventsTestExecutionListener@7b14e7dc, org.springframework.boot.test.mock.mockito.MockitoTestExecutionListener@57d71569, org.springframework.boot.test.autoconfigure.SpringBootDependencyInjectionTestExecutionListener@31741bb6, org.springframework.test.context.support.DirtiesContextTestExecutionListener@64903a20, org.springframework.test.context.transaction.TransactionalTestExecutionListener@38e61b69, org.springframework.test.context.jdbc.SqlScriptsTestExecutionListener@57753d41, org.springframework.test.context.event.EventPublishingTestExecutionListener@464d25b2, org.springframework.security.test.context.support.WithSecurityContextTestExecutionListener@23e95661, org.springframework.security.test.context.support.ReactorContextTestExecutionListener@2bdc2c26, org.springframework.boot.test.mock.mockito.ResetMocksTestExecutionListener@553d9329, org.springframework.boot.test.autoconfigure.restdocs.RestDocsTestExecutionListener@7a725c89, org.springframework.boot.test.autoconfigure.web.client.MockRestServiceServerResetTestExecutionListener@13c147f8, org.springframework.boot.test.autoconfigure.web.servlet.MockMvcPrintOnlyOnFailureTestExecutionListener@5936e4ba, org.springframework.boot.test.autoconfigure.web.servlet.WebDriverTestExecutionListener@60ab906e, org.springframework.boot.test.autoconfigure.webservices.client.MockWebServiceServerTestExecutionListener@8551ee6]
2021-08-18 17:23:48.171  INFO 16396 --- [main] c.c.a.service.JwtUtilServiceTest         : Starting JwtUtilServiceTest using Java 15.0.2 on LAPTOP-R50LO7KK with PID 16396 (started by gmsah in C:\Users\gmsah\eclipse-workspace\MFPE\claimsmanagement\authorizationservice)
2021-08-18 17:23:48.172  INFO 16396 --- [main] c.c.a.service.JwtUtilServiceTest         : No active profile set, falling back to default profiles: default
2021-08-18 17:23:48.226  INFO 16396 --- [main] c.c.a.service.JwtUtilServiceTest         : Started JwtUtilServiceTest in 0.132 seconds (JVM running for 22.057)
2021-08-18 17:23:48.495  INFO 16396 --- [main] .b.t.c.SpringBootTestContextBootstrapper : Neither @ContextConfiguration nor @ContextHierarchy found for test class [com.cognizant.authorizationService.service.UserDetailsServiceImplTest], using SpringBootContextLoader
2021-08-18 17:23:48.497  INFO 16396 --- [main] o.s.t.c.support.AbstractContextLoader    : Could not detect default resource locations for test class [com.cognizant.authorizationService.service.UserDetailsServiceImplTest]: no resource found for suffixes {-context.xml, Context.groovy}.
2021-08-18 17:23:48.498  INFO 16396 --- [main] t.c.s.AnnotationConfigContextLoaderUtils : Could not detect default configuration classes for test class [com.cognizant.authorizationService.service.UserDetailsServiceImplTest]: UserDetailsServiceImplTest does not declare any static, non-private, non-final, nested classes annotated with @Configuration.
2021-08-18 17:23:48.513  INFO 16396 --- [main] .b.t.c.SpringBootTestContextBootstrapper : Found @SpringBootConfiguration com.cognizant.authorizationservice.JwtAuthenticationApplication for test class com.cognizant.authorizationService.service.UserDetailsServiceImplTest
2021-08-18 17:23:48.517  INFO 16396 --- [main] .b.t.c.SpringBootTestContextBootstrapper : Loaded default TestExecutionListener class names from location [META-INF/spring.factories]: [org.springframework.boot.test.mock.mockito.MockitoTestExecutionListener, org.springframework.boot.test.mock.mockito.ResetMocksTestExecutionListener, org.springframework.boot.test.autoconfigure.restdocs.RestDocsTestExecutionListener, org.springframework.boot.test.autoconfigure.web.client.MockRestServiceServerResetTestExecutionListener, org.springframework.boot.test.autoconfigure.web.servlet.MockMvcPrintOnlyOnFailureTestExecutionListener, org.springframework.boot.test.autoconfigure.web.servlet.WebDriverTestExecutionListener, org.springframework.boot.test.autoconfigure.webservices.client.MockWebServiceServerTestExecutionListener, org.springframework.test.context.web.ServletTestExecutionListener, org.springframework.test.context.support.DirtiesContextBeforeModesTestExecutionListener, org.springframework.test.context.event.ApplicationEventsTestExecutionListener, org.springframework.test.context.support.DependencyInjectionTestExecutionListener, org.springframework.test.context.support.DirtiesContextTestExecutionListener, org.springframework.test.context.transaction.TransactionalTestExecutionListener, org.springframework.test.context.jdbc.SqlScriptsTestExecutionListener, org.springframework.test.context.event.EventPublishingTestExecutionListener, org.springframework.security.test.context.support.WithSecurityContextTestExecutionListener, org.springframework.security.test.context.support.ReactorContextTestExecutionListener]
2021-08-18 17:23:48.521  INFO 16396 --- [main] .b.t.c.SpringBootTestContextBootstrapper : Using TestExecutionListeners: [org.springframework.test.context.web.ServletTestExecutionListener@3c9cd930, org.springframework.test.context.support.DirtiesContextBeforeModesTestExecutionListener@5dcbdcb9, org.springframework.test.context.event.ApplicationEventsTestExecutionListener@4dd31687, org.springframework.boot.test.mock.mockito.MockitoTestExecutionListener@78d72c9b, org.springframework.boot.test.autoconfigure.SpringBootDependencyInjectionTestExecutionListener@22d82fe8, org.springframework.test.context.support.DirtiesContextTestExecutionListener@2175111e, org.springframework.test.context.transaction.TransactionalTestExecutionListener@74c74c99, org.springframework.test.context.jdbc.SqlScriptsTestExecutionListener@35b5056e, org.springframework.test.context.event.EventPublishingTestExecutionListener@56f1db5f, org.springframework.security.test.context.support.WithSecurityContextTestExecutionListener@5f05cd7e, org.springframework.security.test.context.support.ReactorContextTestExecutionListener@11e8e183, org.springframework.boot.test.mock.mockito.ResetMocksTestExecutionListener@c6b08a5, org.springframework.boot.test.autoconfigure.restdocs.RestDocsTestExecutionListener@54980154, org.springframework.boot.test.autoconfigure.web.client.MockRestServiceServerResetTestExecutionListener@25874884, org.springframework.boot.test.autoconfigure.web.servlet.MockMvcPrintOnlyOnFailureTestExecutionListener@7335414e, org.springframework.boot.test.autoconfigure.web.servlet.WebDriverTestExecutionListener@274f51ad, org.springframework.boot.test.autoconfigure.webservices.client.MockWebServiceServerTestExecutionListener@33c976b1]
2021-08-18 17:23:48.675  INFO 16396 --- [SpringContextShutdownHook] o.s.s.concurrent.ThreadPoolTaskExecutor  : Shutting down ExecutorService 'applicationTaskExecutor'
2021-08-18 17:23:48.694  INFO 16396 --- [SpringContextShutdownHook] j.LocalContainerEntityManagerFactoryBean : Closing JPA EntityManagerFactory for persistence unit 'default'
2021-08-18 17:23:48.695  INFO 16396 --- [SpringContextShutdownHook] .SchemaDropperImpl$DelayedDropActionImpl : HHH000477: Starting delayed evictData of schema as part of SessionFactory shut-down'
2021-08-18 17:23:48.707  INFO 16396 --- [SpringContextShutdownHook] com.zaxxer.hikari.HikariDataSource       : HikariPool-1 - Shutdown initiated...
2021-08-18 17:23:48.712  INFO 16396 --- [SpringContextShutdownHook] com.zaxxer.hikari.HikariDataSource       : HikariPool-1 - Shutdown completed.
2021-08-18 17:40:15.589  INFO 7120 --- [main] c.c.a.c.AuthenticationControllerTest     : Starting AuthenticationControllerTest using Java 15.0.2 on LAPTOP-R50LO7KK with PID 7120 (started by gmsah in C:\Users\gmsah\eclipse-workspace\MFPE\claimsmanagement\authorizationservice)
2021-08-18 17:40:15.595  INFO 7120 --- [main] c.c.a.c.AuthenticationControllerTest     : No active profile set, falling back to default profiles: default
2021-08-18 17:40:18.160  INFO 7120 --- [main] .s.d.r.c.RepositoryConfigurationDelegate : Bootstrapping Spring Data JPA repositories in DEFAULT mode.
2021-08-18 17:40:18.301  INFO 7120 --- [main] .s.d.r.c.RepositoryConfigurationDelegate : Finished Spring Data repository scanning in 121 ms. Found 1 JPA repository interfaces.
2021-08-18 17:40:19.087  INFO 7120 --- [main] trationDelegate$BeanPostProcessorChecker : Bean 'org.springframework.security.access.expression.method.DefaultMethodSecurityExpressionHandler@7308c820' of type [org.springframework.security.access.expression.method.DefaultMethodSecurityExpressionHandler] is not eligible for getting processed by all BeanPostProcessors (for example: not eligible for auto-proxying)
2021-08-18 17:40:19.116  INFO 7120 --- [main] trationDelegate$BeanPostProcessorChecker : Bean 'methodSecurityMetadataSource' of type [org.springframework.security.access.method.DelegatingMethodSecurityMetadataSource] is not eligible for getting processed by all BeanPostProcessors (for example: not eligible for auto-proxying)
2021-08-18 17:40:19.592  INFO 7120 --- [main] com.zaxxer.hikari.HikariDataSource       : HikariPool-1 - Starting...
2021-08-18 17:40:20.010  INFO 7120 --- [main] com.zaxxer.hikari.HikariDataSource       : HikariPool-1 - Start completed.
2021-08-18 17:40:20.147  INFO 7120 --- [main] o.hibernate.jpa.internal.util.LogHelper  : HHH000204: Processing PersistenceUnitInfo [name: default]
2021-08-18 17:40:20.296  INFO 7120 --- [main] org.hibernate.Version                    : HHH000412: Hibernate ORM core version 5.4.28.Final
2021-08-18 17:40:20.767  INFO 7120 --- [main] o.hibernate.annotations.common.Version   : HCANN000001: Hibernate Commons Annotations {5.1.2.Final}
2021-08-18 17:40:21.169  INFO 7120 --- [main] org.hibernate.dialect.Dialect            : HHH000400: Using dialect: org.hibernate.dialect.H2Dialect
2021-08-18 17:40:22.362  INFO 7120 --- [main] o.h.e.t.j.p.i.JtaPlatformInitiator       : HHH000490: Using JtaPlatform implementation: [org.hibernate.engine.transaction.jta.platform.internal.NoJtaPlatform]
2021-08-18 17:40:22.378  INFO 7120 --- [main] j.LocalContainerEntityManagerFactoryBean : Initialized JPA EntityManagerFactory for persistence unit 'default'
2021-08-18 17:40:22.849  WARN 7120 --- [main] JpaBaseConfiguration$JpaWebConfiguration : spring.jpa.open-in-view is enabled by default. Therefore, database queries may be performed during view rendering. Explicitly configure spring.jpa.open-in-view to disable this warning
2021-08-18 17:40:24.935  INFO 7120 --- [main] o.s.b.a.h2.H2ConsoleAutoConfiguration    : H2 console available at '/h2-console'. Database available at 'jdbc:h2:mem:auth'
2021-08-18 17:40:25.406  INFO 7120 --- [main] o.s.b.a.e.web.EndpointLinksResolver      : Exposing 2 endpoint(s) beneath base path '/actuator'
2021-08-18 17:40:25.741  INFO 7120 --- [main] o.s.s.web.DefaultSecurityFilterChain     : Will secure Ant [pattern='/swagger-ui.html/**'] with []
2021-08-18 17:40:25.743  INFO 7120 --- [main] o.s.s.web.DefaultSecurityFilterChain     : Will secure Ant [pattern='/h2-console/**'] with []
2021-08-18 17:40:25.959  INFO 7120 --- [main] o.s.s.web.DefaultSecurityFilterChain     : Will secure any request with [org.springframework.security.web.context.request.async.WebAsyncManagerIntegrationFilter@37596b44, org.springframework.security.web.context.SecurityContextPersistenceFilter@1a9e2c3b, org.springframework.security.web.header.HeaderWriterFilter@65011123, org.springframework.security.web.authentication.logout.LogoutFilter@7f588bc6, com.cognizant.authorizationservice.filter.JwtRequestFilter@28f081ad, org.springframework.security.web.savedrequest.RequestCacheAwareFilter@73ccdfc1, org.springframework.security.web.servletapi.SecurityContextHolderAwareRequestFilter@17a89cb1, org.springframework.security.web.authentication.AnonymousAuthenticationFilter@29ec5005, org.springframework.security.web.session.SessionManagementFilter@8a0a1d1, org.springframework.security.web.access.ExceptionTranslationFilter@16a89351, org.springframework.security.web.access.intercept.FilterSecurityInterceptor@7212d3df]
2021-08-18 17:40:26.465  INFO 7120 --- [main] o.s.s.concurrent.ThreadPoolTaskExecutor  : Initializing ExecutorService 'applicationTaskExecutor'
2021-08-18 17:40:29.141  INFO 7120 --- [main] c.c.a.c.AuthenticationControllerTest     : Started AuthenticationControllerTest in 14.183 seconds (JVM running for 16.53)
2021-08-18 17:40:29.901  INFO 7120 --- [main] c.c.a.c.AuthenticationController         : Creating token
2021-08-18 17:40:29.960  INFO 7120 --- [main] c.c.a.c.AuthenticationController         : Creating token
2021-08-18 17:40:29.977  INFO 7120 --- [main] c.c.a.c.AuthenticationController         : Creating token
2021-08-18 17:40:29.992  INFO 7120 --- [main] c.c.a.c.AuthenticationController         : Creating token
2021-08-18 17:40:30.005  INFO 7120 --- [main] .b.t.c.SpringBootTestContextBootstrapper : Neither @ContextConfiguration nor @ContextHierarchy found for test class [com.cognizant.authorizationService.exception.BadCredentialExceptionTest], using SpringBootContextLoader
2021-08-18 17:40:30.007  INFO 7120 --- [main] o.s.t.c.support.AbstractContextLoader    : Could not detect default resource locations for test class [com.cognizant.authorizationService.exception.BadCredentialExceptionTest]: no resource found for suffixes {-context.xml, Context.groovy}.
2021-08-18 17:40:30.008  INFO 7120 --- [main] t.c.s.AnnotationConfigContextLoaderUtils : Could not detect default configuration classes for test class [com.cognizant.authorizationService.exception.BadCredentialExceptionTest]: BadCredentialExceptionTest does not declare any static, non-private, non-final, nested classes annotated with @Configuration.
2021-08-18 17:40:30.037  INFO 7120 --- [main] .b.t.c.SpringBootTestContextBootstrapper : Found @SpringBootConfiguration com.cognizant.authorizationservice.JwtAuthenticationApplication for test class com.cognizant.authorizationService.exception.BadCredentialExceptionTest
2021-08-18 17:40:30.045  INFO 7120 --- [main] .b.t.c.SpringBootTestContextBootstrapper : Loaded default TestExecutionListener class names from location [META-INF/spring.factories]: [org.springframework.boot.test.mock.mockito.MockitoTestExecutionListener, org.springframework.boot.test.mock.mockito.ResetMocksTestExecutionListener, org.springframework.boot.test.autoconfigure.restdocs.RestDocsTestExecutionListener, org.springframework.boot.test.autoconfigure.web.client.MockRestServiceServerResetTestExecutionListener, org.springframework.boot.test.autoconfigure.web.servlet.MockMvcPrintOnlyOnFailureTestExecutionListener, org.springframework.boot.test.autoconfigure.web.servlet.WebDriverTestExecutionListener, org.springframework.boot.test.autoconfigure.webservices.client.MockWebServiceServerTestExecutionListener, org.springframework.test.context.web.ServletTestExecutionListener, org.springframework.test.context.support.DirtiesContextBeforeModesTestExecutionListener, org.springframework.test.context.event.ApplicationEventsTestExecutionListener, org.springframework.test.context.support.DependencyInjectionTestExecutionListener, org.springframework.test.context.support.DirtiesContextTestExecutionListener, org.springframework.test.context.transaction.TransactionalTestExecutionListener, org.springframework.test.context.jdbc.SqlScriptsTestExecutionListener, org.springframework.test.context.event.EventPublishingTestExecutionListener, org.springframework.security.test.context.support.WithSecurityContextTestExecutionListener, org.springframework.security.test.context.support.ReactorContextTestExecutionListener]
2021-08-18 17:40:30.048  INFO 7120 --- [main] .b.t.c.SpringBootTestContextBootstrapper : Using TestExecutionListeners: [org.springframework.test.context.web.ServletTestExecutionListener@2dba6013, org.springframework.test.context.support.DirtiesContextBeforeModesTestExecutionListener@69b2ed81, org.springframework.test.context.event.ApplicationEventsTestExecutionListener@4873d4cb, org.springframework.boot.test.mock.mockito.MockitoTestExecutionListener@31137f4d, org.springframework.boot.test.autoconfigure.SpringBootDependencyInjectionTestExecutionListener@4f573b84, org.springframework.test.context.support.DirtiesContextTestExecutionListener@3177190a, org.springframework.test.context.transaction.TransactionalTestExecutionListener@67744663, org.springframework.test.context.jdbc.SqlScriptsTestExecutionListener@4d37a4d7, org.springframework.test.context.event.EventPublishingTestExecutionListener@3bca3dee, org.springframework.security.test.context.support.WithSecurityContextTestExecutionListener@32fcccd4, org.springframework.security.test.context.support.ReactorContextTestExecutionListener@77fec3b6, org.springframework.boot.test.mock.mockito.ResetMocksTestExecutionListener@71fd082, org.springframework.boot.test.autoconfigure.restdocs.RestDocsTestExecutionListener@6d50b8c2, org.springframework.boot.test.autoconfigure.web.client.MockRestServiceServerResetTestExecutionListener@399e43d0, org.springframework.boot.test.autoconfigure.web.servlet.MockMvcPrintOnlyOnFailureTestExecutionListener@387cd426, org.springframework.boot.test.autoconfigure.web.servlet.WebDriverTestExecutionListener@411e886b, org.springframework.boot.test.autoconfigure.webservices.client.MockWebServiceServerTestExecutionListener@2960ae22]
2021-08-18 17:40:30.161  INFO 7120 --- [main] .b.t.c.SpringBootTestContextBootstrapper : Neither @ContextConfiguration nor @ContextHierarchy found for test class [com.cognizant.authorizationService.JwtAuthenticationApplicationTests], using SpringBootContextLoader
2021-08-18 17:40:30.175  INFO 7120 --- [main] o.s.t.c.support.AbstractContextLoader    : Could not detect default resource locations for test class [com.cognizant.authorizationService.JwtAuthenticationApplicationTests]: no resource found for suffixes {-context.xml, Context.groovy}.
2021-08-18 17:40:30.175  INFO 7120 --- [main] t.c.s.AnnotationConfigContextLoaderUtils : Could not detect default configuration classes for test class [com.cognizant.authorizationService.JwtAuthenticationApplicationTests]: JwtAuthenticationApplicationTests does not declare any static, non-private, non-final, nested classes annotated with @Configuration.
2021-08-18 17:40:30.193  INFO 7120 --- [main] .b.t.c.SpringBootTestContextBootstrapper : Found @SpringBootConfiguration com.cognizant.authorizationservice.JwtAuthenticationApplication for test class com.cognizant.authorizationService.JwtAuthenticationApplicationTests
2021-08-18 17:40:30.196  INFO 7120 --- [main] .b.t.c.SpringBootTestContextBootstrapper : Loaded default TestExecutionListener class names from location [META-INF/spring.factories]: [org.springframework.boot.test.mock.mockito.MockitoTestExecutionListener, org.springframework.boot.test.mock.mockito.ResetMocksTestExecutionListener, org.springframework.boot.test.autoconfigure.restdocs.RestDocsTestExecutionListener, org.springframework.boot.test.autoconfigure.web.client.MockRestServiceServerResetTestExecutionListener, org.springframework.boot.test.autoconfigure.web.servlet.MockMvcPrintOnlyOnFailureTestExecutionListener, org.springframework.boot.test.autoconfigure.web.servlet.WebDriverTestExecutionListener, org.springframework.boot.test.autoconfigure.webservices.client.MockWebServiceServerTestExecutionListener, org.springframework.test.context.web.ServletTestExecutionListener, org.springframework.test.context.support.DirtiesContextBeforeModesTestExecutionListener, org.springframework.test.context.event.ApplicationEventsTestExecutionListener, org.springframework.test.context.support.DependencyInjectionTestExecutionListener, org.springframework.test.context.support.DirtiesContextTestExecutionListener, org.springframework.test.context.transaction.TransactionalTestExecutionListener, org.springframework.test.context.jdbc.SqlScriptsTestExecutionListener, org.springframework.test.context.event.EventPublishingTestExecutionListener, org.springframework.security.test.context.support.WithSecurityContextTestExecutionListener, org.springframework.security.test.context.support.ReactorContextTestExecutionListener]
2021-08-18 17:40:30.198  INFO 7120 --- [main] .b.t.c.SpringBootTestContextBootstrapper : Using TestExecutionListeners: [org.springframework.test.context.web.ServletTestExecutionListener@5967f0ff, org.springframework.test.context.support.DirtiesContextBeforeModesTestExecutionListener@580694ce, org.springframework.test.context.event.ApplicationEventsTestExecutionListener@5be521cd, org.springframework.boot.test.mock.mockito.MockitoTestExecutionListener@579071ef, org.springframework.boot.test.autoconfigure.SpringBootDependencyInjectionTestExecutionListener@311683ea, org.springframework.test.context.support.DirtiesContextTestExecutionListener@5d5ad1e2, org.springframework.test.context.transaction.TransactionalTestExecutionListener@2fc378cd, org.springframework.test.context.jdbc.SqlScriptsTestExecutionListener@7b886bd3, org.springframework.test.context.event.EventPublishingTestExecutionListener@7e84be9b, org.springframework.security.test.context.support.WithSecurityContextTestExecutionListener@75daa568, org.springframework.security.test.context.support.ReactorContextTestExecutionListener@41ebae0e, org.springframework.boot.test.mock.mockito.ResetMocksTestExecutionListener@79059313, org.springframework.boot.test.autoconfigure.restdocs.RestDocsTestExecutionListener@222e9ace, org.springframework.boot.test.autoconfigure.web.client.MockRestServiceServerResetTestExecutionListener@2ff9a06, org.springframework.boot.test.autoconfigure.web.servlet.MockMvcPrintOnlyOnFailureTestExecutionListener@1ef8cf89, org.springframework.boot.test.autoconfigure.web.servlet.WebDriverTestExecutionListener@4bb05a4e, org.springframework.boot.test.autoconfigure.webservices.client.MockWebServiceServerTestExecutionListener@1d9e511c]
2021-08-18 17:40:30.215  INFO 7120 --- [main] .b.t.c.SpringBootTestContextBootstrapper : Neither @ContextConfiguration nor @ContextHierarchy found for test class [com.cognizant.authorizationService.model.AuthenticationRequestTest], using SpringBootContextLoader
2021-08-18 17:40:30.217  INFO 7120 --- [main] o.s.t.c.support.AbstractContextLoader    : Could not detect default resource locations for test class [com.cognizant.authorizationService.model.AuthenticationRequestTest]: no resource found for suffixes {-context.xml, Context.groovy}.
2021-08-18 17:40:30.218  INFO 7120 --- [main] t.c.s.AnnotationConfigContextLoaderUtils : Could not detect default configuration classes for test class [com.cognizant.authorizationService.model.AuthenticationRequestTest]: AuthenticationRequestTest does not declare any static, non-private, non-final, nested classes annotated with @Configuration.
2021-08-18 17:40:30.234  INFO 7120 --- [main] .b.t.c.SpringBootTestContextBootstrapper : Found @SpringBootConfiguration com.cognizant.authorizationservice.JwtAuthenticationApplication for test class com.cognizant.authorizationService.model.AuthenticationRequestTest
2021-08-18 17:40:30.239  INFO 7120 --- [main] .b.t.c.SpringBootTestContextBootstrapper : Loaded default TestExecutionListener class names from location [META-INF/spring.factories]: [org.springframework.boot.test.mock.mockito.MockitoTestExecutionListener, org.springframework.boot.test.mock.mockito.ResetMocksTestExecutionListener, org.springframework.boot.test.autoconfigure.restdocs.RestDocsTestExecutionListener, org.springframework.boot.test.autoconfigure.web.client.MockRestServiceServerResetTestExecutionListener, org.springframework.boot.test.autoconfigure.web.servlet.MockMvcPrintOnlyOnFailureTestExecutionListener, org.springframework.boot.test.autoconfigure.web.servlet.WebDriverTestExecutionListener, org.springframework.boot.test.autoconfigure.webservices.client.MockWebServiceServerTestExecutionListener, org.springframework.test.context.web.ServletTestExecutionListener, org.springframework.test.context.support.DirtiesContextBeforeModesTestExecutionListener, org.springframework.test.context.event.ApplicationEventsTestExecutionListener, org.springframework.test.context.support.DependencyInjectionTestExecutionListener, org.springframework.test.context.support.DirtiesContextTestExecutionListener, org.springframework.test.context.transaction.TransactionalTestExecutionListener, org.springframework.test.context.jdbc.SqlScriptsTestExecutionListener, org.springframework.test.context.event.EventPublishingTestExecutionListener, org.springframework.security.test.context.support.WithSecurityContextTestExecutionListener, org.springframework.security.test.context.support.ReactorContextTestExecutionListener]
2021-08-18 17:40:30.241  INFO 7120 --- [main] .b.t.c.SpringBootTestContextBootstrapper : Using TestExecutionListeners: [org.springframework.test.context.web.ServletTestExecutionListener@1d413e98, org.springframework.test.context.support.DirtiesContextBeforeModesTestExecutionListener@2b85fc, org.springframework.test.context.event.ApplicationEventsTestExecutionListener@255eadf5, org.springframework.boot.test.mock.mockito.MockitoTestExecutionListener@13ebbdab, org.springframework.boot.test.autoconfigure.SpringBootDependencyInjectionTestExecutionListener@74af4b0, org.springframework.test.context.support.DirtiesContextTestExecutionListener@5b1295c0, org.springframework.test.context.transaction.TransactionalTestExecutionListener@bf3aa52, org.springframework.test.context.jdbc.SqlScriptsTestExecutionListener@45bb5862, org.springframework.test.context.event.EventPublishingTestExecutionListener@1504db11, org.springframework.security.test.context.support.WithSecurityContextTestExecutionListener@5a77e0e4, org.springframework.security.test.context.support.ReactorContextTestExecutionListener@4cc070c2, org.springframework.boot.test.mock.mockito.ResetMocksTestExecutionListener@53a74970, org.springframework.boot.test.autoconfigure.restdocs.RestDocsTestExecutionListener@60c8cc46, org.springframework.boot.test.autoconfigure.web.client.MockRestServiceServerResetTestExecutionListener@55d607b, org.springframework.boot.test.autoconfigure.web.servlet.MockMvcPrintOnlyOnFailureTestExecutionListener@4a544672, org.springframework.boot.test.autoconfigure.web.servlet.WebDriverTestExecutionListener@23d16a81, org.springframework.boot.test.autoconfigure.webservices.client.MockWebServiceServerTestExecutionListener@5dd3841]
2021-08-18 17:40:30.316  INFO 7120 --- [main] .b.t.c.SpringBootTestContextBootstrapper : Neither @ContextConfiguration nor @ContextHierarchy found for test class [com.cognizant.authorizationService.model.AuthenticationResponseTest], using SpringBootContextLoader
2021-08-18 17:40:30.318  INFO 7120 --- [main] o.s.t.c.support.AbstractContextLoader    : Could not detect default resource locations for test class [com.cognizant.authorizationService.model.AuthenticationResponseTest]: no resource found for suffixes {-context.xml, Context.groovy}.
2021-08-18 17:40:30.319  INFO 7120 --- [main] t.c.s.AnnotationConfigContextLoaderUtils : Could not detect default configuration classes for test class [com.cognizant.authorizationService.model.AuthenticationResponseTest]: AuthenticationResponseTest does not declare any static, non-private, non-final, nested classes annotated with @Configuration.
2021-08-18 17:40:30.329  INFO 7120 --- [main] .b.t.c.SpringBootTestContextBootstrapper : Found @SpringBootConfiguration com.cognizant.authorizationservice.JwtAuthenticationApplication for test class com.cognizant.authorizationService.model.AuthenticationResponseTest
2021-08-18 17:40:30.332  INFO 7120 --- [main] .b.t.c.SpringBootTestContextBootstrapper : Loaded default TestExecutionListener class names from location [META-INF/spring.factories]: [org.springframework.boot.test.mock.mockito.MockitoTestExecutionListener, org.springframework.boot.test.mock.mockito.ResetMocksTestExecutionListener, org.springframework.boot.test.autoconfigure.restdocs.RestDocsTestExecutionListener, org.springframework.boot.test.autoconfigure.web.client.MockRestServiceServerResetTestExecutionListener, org.springframework.boot.test.autoconfigure.web.servlet.MockMvcPrintOnlyOnFailureTestExecutionListener, org.springframework.boot.test.autoconfigure.web.servlet.WebDriverTestExecutionListener, org.springframework.boot.test.autoconfigure.webservices.client.MockWebServiceServerTestExecutionListener, org.springframework.test.context.web.ServletTestExecutionListener, org.springframework.test.context.support.DirtiesContextBeforeModesTestExecutionListener, org.springframework.test.context.event.ApplicationEventsTestExecutionListener, org.springframework.test.context.support.DependencyInjectionTestExecutionListener, org.springframework.test.context.support.DirtiesContextTestExecutionListener, org.springframework.test.context.transaction.TransactionalTestExecutionListener, org.springframework.test.context.jdbc.SqlScriptsTestExecutionListener, org.springframework.test.context.event.EventPublishingTestExecutionListener, org.springframework.security.test.context.support.WithSecurityContextTestExecutionListener, org.springframework.security.test.context.support.ReactorContextTestExecutionListener]
2021-08-18 17:40:30.340  INFO 7120 --- [main] .b.t.c.SpringBootTestContextBootstrapper : Using TestExecutionListeners: [org.springframework.test.context.web.ServletTestExecutionListener@1d8f835c, org.springframework.test.context.support.DirtiesContextBeforeModesTestExecutionListener@45c5cd9a, org.springframework.test.context.event.ApplicationEventsTestExecutionListener@858bf8c, org.springframework.boot.test.mock.mockito.MockitoTestExecutionListener@30c1447e, org.springframework.boot.test.autoconfigure.SpringBootDependencyInjectionTestExecutionListener@5135b459, org.springframework.test.context.support.DirtiesContextTestExecutionListener@3a770af8, org.springframework.test.context.transaction.TransactionalTestExecutionListener@779e66e5, org.springframework.test.context.jdbc.SqlScriptsTestExecutionListener@4d462edc, org.springframework.test.context.event.EventPublishingTestExecutionListener@312ddc51, org.springframework.security.test.context.support.WithSecurityContextTestExecutionListener@330f3046, org.springframework.security.test.context.support.ReactorContextTestExecutionListener@37a2d18c, org.springframework.boot.test.mock.mockito.ResetMocksTestExecutionListener@4b6e296a, org.springframework.boot.test.autoconfigure.restdocs.RestDocsTestExecutionListener@14feab02, org.springframework.boot.test.autoconfigure.web.client.MockRestServiceServerResetTestExecutionListener@5e3934db, org.springframework.boot.test.autoconfigure.web.servlet.MockMvcPrintOnlyOnFailureTestExecutionListener@7f36b021, org.springframework.boot.test.autoconfigure.web.servlet.WebDriverTestExecutionListener@45a9f3d4, org.springframework.boot.test.autoconfigure.webservices.client.MockWebServiceServerTestExecutionListener@246ee6d8]
2021-08-18 17:40:30.427  INFO 7120 --- [main] .b.t.c.SpringBootTestContextBootstrapper : Neither @ContextConfiguration nor @ContextHierarchy found for test class [com.cognizant.authorizationService.model.MyUserTest], using SpringBootContextLoader
2021-08-18 17:40:30.429  INFO 7120 --- [main] o.s.t.c.support.AbstractContextLoader    : Could not detect default resource locations for test class [com.cognizant.authorizationService.model.MyUserTest]: no resource found for suffixes {-context.xml, Context.groovy}.
2021-08-18 17:40:30.429  INFO 7120 --- [main] t.c.s.AnnotationConfigContextLoaderUtils : Could not detect default configuration classes for test class [com.cognizant.authorizationService.model.MyUserTest]: MyUserTest does not declare any static, non-private, non-final, nested classes annotated with @Configuration.
2021-08-18 17:40:30.433  INFO 7120 --- [main] .b.t.c.SpringBootTestContextBootstrapper : Found @SpringBootConfiguration com.cognizant.authorizationservice.JwtAuthenticationApplication for test class com.cognizant.authorizationService.model.MyUserTest
2021-08-18 17:40:30.437  INFO 7120 --- [main] .b.t.c.SpringBootTestContextBootstrapper : Loaded default TestExecutionListener class names from location [META-INF/spring.factories]: [org.springframework.boot.test.mock.mockito.MockitoTestExecutionListener, org.springframework.boot.test.mock.mockito.ResetMocksTestExecutionListener, org.springframework.boot.test.autoconfigure.restdocs.RestDocsTestExecutionListener, org.springframework.boot.test.autoconfigure.web.client.MockRestServiceServerResetTestExecutionListener, org.springframework.boot.test.autoconfigure.web.servlet.MockMvcPrintOnlyOnFailureTestExecutionListener, org.springframework.boot.test.autoconfigure.web.servlet.WebDriverTestExecutionListener, org.springframework.boot.test.autoconfigure.webservices.client.MockWebServiceServerTestExecutionListener, org.springframework.test.context.web.ServletTestExecutionListener, org.springframework.test.context.support.DirtiesContextBeforeModesTestExecutionListener, org.springframework.test.context.event.ApplicationEventsTestExecutionListener, org.springframework.test.context.support.DependencyInjectionTestExecutionListener, org.springframework.test.context.support.DirtiesContextTestExecutionListener, org.springframework.test.context.transaction.TransactionalTestExecutionListener, org.springframework.test.context.jdbc.SqlScriptsTestExecutionListener, org.springframework.test.context.event.EventPublishingTestExecutionListener, org.springframework.security.test.context.support.WithSecurityContextTestExecutionListener, org.springframework.security.test.context.support.ReactorContextTestExecutionListener]
2021-08-18 17:40:30.439  INFO 7120 --- [main] .b.t.c.SpringBootTestContextBootstrapper : Using TestExecutionListeners: [org.springframework.test.context.web.ServletTestExecutionListener@429ad94a, org.springframework.test.context.support.DirtiesContextBeforeModesTestExecutionListener@76bfecef, org.springframework.test.context.event.ApplicationEventsTestExecutionListener@661ec798, org.springframework.boot.test.mock.mockito.MockitoTestExecutionListener@2c7fff1b, org.springframework.boot.test.autoconfigure.SpringBootDependencyInjectionTestExecutionListener@383b3357, org.springframework.test.context.support.DirtiesContextTestExecutionListener@316a682b, org.springframework.test.context.transaction.TransactionalTestExecutionListener@21584b99, org.springframework.test.context.jdbc.SqlScriptsTestExecutionListener@728cef8e, org.springframework.test.context.event.EventPublishingTestExecutionListener@134ccb03, org.springframework.security.test.context.support.WithSecurityContextTestExecutionListener@7105d271, org.springframework.security.test.context.support.ReactorContextTestExecutionListener@12e25b4b, org.springframework.boot.test.mock.mockito.ResetMocksTestExecutionListener@7072606, org.springframework.boot.test.autoconfigure.restdocs.RestDocsTestExecutionListener@7266f136, org.springframework.boot.test.autoconfigure.web.client.MockRestServiceServerResetTestExecutionListener@2daf2351, org.springframework.boot.test.autoconfigure.web.servlet.MockMvcPrintOnlyOnFailureTestExecutionListener@2d170dac, org.springframework.boot.test.autoconfigure.web.servlet.WebDriverTestExecutionListener@139e291e, org.springframework.boot.test.autoconfigure.webservices.client.MockWebServiceServerTestExecutionListener@56b4951a]
2021-08-18 17:40:30.526  INFO 7120 --- [main] .b.t.c.SpringBootTestContextBootstrapper : Neither @ContextConfiguration nor @ContextHierarchy found for test class [com.cognizant.authorizationService.service.JwtUtilServiceTest], using SpringBootContextLoader
2021-08-18 17:40:30.529  INFO 7120 --- [main] o.s.t.c.support.AbstractContextLoader    : Could not detect default resource locations for test class [com.cognizant.authorizationService.service.JwtUtilServiceTest]: no resource found for suffixes {-context.xml, Context.groovy}.
2021-08-18 17:40:30.538  INFO 7120 --- [main] .b.t.c.SpringBootTestContextBootstrapper : Loaded default TestExecutionListener class names from location [META-INF/spring.factories]: [org.springframework.boot.test.mock.mockito.MockitoTestExecutionListener, org.springframework.boot.test.mock.mockito.ResetMocksTestExecutionListener, org.springframework.boot.test.autoconfigure.restdocs.RestDocsTestExecutionListener, org.springframework.boot.test.autoconfigure.web.client.MockRestServiceServerResetTestExecutionListener, org.springframework.boot.test.autoconfigure.web.servlet.MockMvcPrintOnlyOnFailureTestExecutionListener, org.springframework.boot.test.autoconfigure.web.servlet.WebDriverTestExecutionListener, org.springframework.boot.test.autoconfigure.webservices.client.MockWebServiceServerTestExecutionListener, org.springframework.test.context.web.ServletTestExecutionListener, org.springframework.test.context.support.DirtiesContextBeforeModesTestExecutionListener, org.springframework.test.context.event.ApplicationEventsTestExecutionListener, org.springframework.test.context.support.DependencyInjectionTestExecutionListener, org.springframework.test.context.support.DirtiesContextTestExecutionListener, org.springframework.test.context.transaction.TransactionalTestExecutionListener, org.springframework.test.context.jdbc.SqlScriptsTestExecutionListener, org.springframework.test.context.event.EventPublishingTestExecutionListener, org.springframework.security.test.context.support.WithSecurityContextTestExecutionListener, org.springframework.security.test.context.support.ReactorContextTestExecutionListener]
2021-08-18 17:40:30.541  INFO 7120 --- [main] .b.t.c.SpringBootTestContextBootstrapper : Using TestExecutionListeners: [org.springframework.test.context.web.ServletTestExecutionListener@64903a20, org.springframework.test.context.support.DirtiesContextBeforeModesTestExecutionListener@38e61b69, org.springframework.test.context.event.ApplicationEventsTestExecutionListener@57753d41, org.springframework.boot.test.mock.mockito.MockitoTestExecutionListener@464d25b2, org.springframework.boot.test.autoconfigure.SpringBootDependencyInjectionTestExecutionListener@23e95661, org.springframework.test.context.support.DirtiesContextTestExecutionListener@2bdc2c26, org.springframework.test.context.transaction.TransactionalTestExecutionListener@553d9329, org.springframework.test.context.jdbc.SqlScriptsTestExecutionListener@7a725c89, org.springframework.test.context.event.EventPublishingTestExecutionListener@13c147f8, org.springframework.security.test.context.support.WithSecurityContextTestExecutionListener@5936e4ba, org.springframework.security.test.context.support.ReactorContextTestExecutionListener@60ab906e, org.springframework.boot.test.mock.mockito.ResetMocksTestExecutionListener@8551ee6, org.springframework.boot.test.autoconfigure.restdocs.RestDocsTestExecutionListener@11b26693, org.springframework.boot.test.autoconfigure.web.client.MockRestServiceServerResetTestExecutionListener@7f4f432b, org.springframework.boot.test.autoconfigure.web.servlet.MockMvcPrintOnlyOnFailureTestExecutionListener@435b944c, org.springframework.boot.test.autoconfigure.web.servlet.WebDriverTestExecutionListener@635900ef, org.springframework.boot.test.autoconfigure.webservices.client.MockWebServiceServerTestExecutionListener@615d74e9]
2021-08-18 17:40:30.586  INFO 7120 --- [main] c.c.a.service.JwtUtilServiceTest         : Starting JwtUtilServiceTest using Java 15.0.2 on LAPTOP-R50LO7KK with PID 7120 (started by gmsah in C:\Users\gmsah\eclipse-workspace\MFPE\claimsmanagement\authorizationservice)
2021-08-18 17:40:30.588  INFO 7120 --- [main] c.c.a.service.JwtUtilServiceTest         : No active profile set, falling back to default profiles: default
2021-08-18 17:40:30.621  INFO 7120 --- [main] c.c.a.service.JwtUtilServiceTest         : Started JwtUtilServiceTest in 0.076 seconds (JVM running for 18.01)
2021-08-18 17:40:30.840  INFO 7120 --- [main] .b.t.c.SpringBootTestContextBootstrapper : Neither @ContextConfiguration nor @ContextHierarchy found for test class [com.cognizant.authorizationService.service.UserDetailsServiceImplTest], using SpringBootContextLoader
2021-08-18 17:40:30.848  INFO 7120 --- [main] o.s.t.c.support.AbstractContextLoader    : Could not detect default resource locations for test class [com.cognizant.authorizationService.service.UserDetailsServiceImplTest]: no resource found for suffixes {-context.xml, Context.groovy}.
2021-08-18 17:40:30.849  INFO 7120 --- [main] t.c.s.AnnotationConfigContextLoaderUtils : Could not detect default configuration classes for test class [com.cognizant.authorizationService.service.UserDetailsServiceImplTest]: UserDetailsServiceImplTest does not declare any static, non-private, non-final, nested classes annotated with @Configuration.
2021-08-18 17:40:30.867  INFO 7120 --- [main] .b.t.c.SpringBootTestContextBootstrapper : Found @SpringBootConfiguration com.cognizant.authorizationservice.JwtAuthenticationApplication for test class com.cognizant.authorizationService.service.UserDetailsServiceImplTest
2021-08-18 17:40:30.870  INFO 7120 --- [main] .b.t.c.SpringBootTestContextBootstrapper : Loaded default TestExecutionListener class names from location [META-INF/spring.factories]: [org.springframework.boot.test.mock.mockito.MockitoTestExecutionListener, org.springframework.boot.test.mock.mockito.ResetMocksTestExecutionListener, org.springframework.boot.test.autoconfigure.restdocs.RestDocsTestExecutionListener, org.springframework.boot.test.autoconfigure.web.client.MockRestServiceServerResetTestExecutionListener, org.springframework.boot.test.autoconfigure.web.servlet.MockMvcPrintOnlyOnFailureTestExecutionListener, org.springframework.boot.test.autoconfigure.web.servlet.WebDriverTestExecutionListener, org.springframework.boot.test.autoconfigure.webservices.client.MockWebServiceServerTestExecutionListener, org.springframework.test.context.web.ServletTestExecutionListener, org.springframework.test.context.support.DirtiesContextBeforeModesTestExecutionListener, org.springframework.test.context.event.ApplicationEventsTestExecutionListener, org.springframework.test.context.support.DependencyInjectionTestExecutionListener, org.springframework.test.context.support.DirtiesContextTestExecutionListener, org.springframework.test.context.transaction.TransactionalTestExecutionListener, org.springframework.test.context.jdbc.SqlScriptsTestExecutionListener, org.springframework.test.context.event.EventPublishingTestExecutionListener, org.springframework.security.test.context.support.WithSecurityContextTestExecutionListener, org.springframework.security.test.context.support.ReactorContextTestExecutionListener]
2021-08-18 17:40:30.872  INFO 7120 --- [main] .b.t.c.SpringBootTestContextBootstrapper : Using TestExecutionListeners: [org.springframework.test.context.web.ServletTestExecutionListener@274f51ad, org.springframework.test.context.support.DirtiesContextBeforeModesTestExecutionListener@33c976b1, org.springframework.test.context.event.ApplicationEventsTestExecutionListener@2c95cb24, org.springframework.boot.test.mock.mockito.MockitoTestExecutionListener@75f3c0c9, org.springframework.boot.test.autoconfigure.SpringBootDependencyInjectionTestExecutionListener@28ec35e3, org.springframework.test.context.support.DirtiesContextTestExecutionListener@5068a2b1, org.springframework.test.context.transaction.TransactionalTestExecutionListener@52268f73, org.springframework.test.context.jdbc.SqlScriptsTestExecutionListener@3938e876, org.springframework.test.context.event.EventPublishingTestExecutionListener@70b2819f, org.springframework.security.test.context.support.WithSecurityContextTestExecutionListener@65dac812, org.springframework.security.test.context.support.ReactorContextTestExecutionListener@3619ecd, org.springframework.boot.test.mock.mockito.ResetMocksTestExecutionListener@7de4bd8f, org.springframework.boot.test.autoconfigure.restdocs.RestDocsTestExecutionListener@193e65d5, org.springframework.boot.test.autoconfigure.web.client.MockRestServiceServerResetTestExecutionListener@2a97b4b8, org.springframework.boot.test.autoconfigure.web.servlet.MockMvcPrintOnlyOnFailureTestExecutionListener@250fc0d1, org.springframework.boot.test.autoconfigure.web.servlet.WebDriverTestExecutionListener@7ddf193a, org.springframework.boot.test.autoconfigure.webservices.client.MockWebServiceServerTestExecutionListener@17a5cb99]
2021-08-18 17:40:31.032  INFO 7120 --- [SpringContextShutdownHook] o.s.s.concurrent.ThreadPoolTaskExecutor  : Shutting down ExecutorService 'applicationTaskExecutor'
2021-08-18 17:40:31.053  INFO 7120 --- [SpringContextShutdownHook] j.LocalContainerEntityManagerFactoryBean : Closing JPA EntityManagerFactory for persistence unit 'default'
2021-08-18 17:40:31.055  INFO 7120 --- [SpringContextShutdownHook] .SchemaDropperImpl$DelayedDropActionImpl : HHH000477: Starting delayed evictData of schema as part of SessionFactory shut-down'
2021-08-18 17:40:31.080  INFO 7120 --- [SpringContextShutdownHook] com.zaxxer.hikari.HikariDataSource       : HikariPool-1 - Shutdown initiated...
2021-08-18 17:40:31.086  INFO 7120 --- [SpringContextShutdownHook] com.zaxxer.hikari.HikariDataSource       : HikariPool-1 - Shutdown completed.
